2022-01-17 09:38:04.144  INFO 14866 --- [main] uz.example.crawler.CrawlerApplication    : Starting CrawlerApplication using Java 11.0.12 on Mirzashomols-MacBook-Pro.local with PID 14866 (/Users/mirzashomolkarshiev/Documents/crawlLibrary/cochrane_mirzashomol_karshiev/crawler/target/classes started by mirzashomolkarshiev in /Users/mirzashomolkarshiev/Documents/crawlLibrary/cochrane_mirzashomol_karshiev/crawler)
2022-01-17 09:38:04.147  INFO 14866 --- [main] uz.example.crawler.CrawlerApplication    : No active profile set, falling back to default profiles: default
2022-01-17 09:38:04.671  INFO 14866 --- [main] o.s.b.w.embedded.tomcat.TomcatWebServer  : Tomcat initialized with port(s): 8000 (http)
2022-01-17 09:38:04.676  INFO 14866 --- [main] o.apache.catalina.core.StandardService   : Starting service [Tomcat]
2022-01-17 09:38:04.676  INFO 14866 --- [main] org.apache.catalina.core.StandardEngine  : Starting Servlet engine: [Apache Tomcat/9.0.46]
2022-01-17 09:38:04.711  INFO 14866 --- [main] o.a.c.c.C.[Tomcat].[localhost].[/]       : Initializing Spring embedded WebApplicationContext
2022-01-17 09:38:04.711  INFO 14866 --- [main] w.s.c.ServletWebServerApplicationContext : Root WebApplicationContext: initialization completed in 536 ms
2022-01-17 09:38:04.949  INFO 14866 --- [main] o.s.b.w.embedded.tomcat.TomcatWebServer  : Tomcat started on port(s): 8000 (http) with context path ''
2022-01-17 09:38:04.959  INFO 14866 --- [main] uz.example.crawler.CrawlerApplication    : Started CrawlerApplication in 1.111 seconds (JVM running for 6.629)
2022-01-17 09:38:04.960  INFO 14866 --- [main] o.s.b.a.ApplicationAvailabilityBean      : Application availability state LivenessState changed to CORRECT
2022-01-17 09:38:30.133  INFO 14866 --- [main] u.e.c.s.impl.ContentCrawlServiceImpl     : Crawl page...
2022-01-17 09:38:30.134  INFO 14866 --- [main] u.e.c.s.http.ContentCrawlHttpClient      : Send request to remote server...
2022-01-17 09:38:30.136  INFO 14866 --- [main] u.e.c.s.http.ContentCrawlHttpClient      : Set request headers...
2022-01-17 09:38:30.138  INFO 14866 --- [main] u.e.c.s.http.ContentCrawlHttpClient      : Set request params...
2022-01-17 09:38:30.138  INFO 14866 --- [main] u.e.c.s.http.ContentCrawlHttpClient      : Set params...
2022-01-17 09:38:36.526  WARN 14866 --- [main] o.a.h.c.protocol.ResponseProcessCookies  : Invalid cookie header: "Set-Cookie: SCOL_SESSION_TIMEOUT=1740 Mon, 17 Jan 2022 05:07:31 GMT; Path=/; Expires=Mon, 17 Jan 2022 05:07:31 GMT;". Invalid 'expires' attribute: Mon, 17 Jan 2022 05:07:31 GMT
2022-01-17 09:38:36.527  INFO 14866 --- [main] u.e.c.s.impl.ContentCrawlServiceImpl     : Read chunked response data...
2022-01-17 09:38:36.746  INFO 14866 --- [main] u.e.c.s.impl.ContentCrawlServiceImpl     : Parsing html document...
2022-01-17 09:38:36.847  INFO 14866 --- [main] u.e.c.s.impl.ContentCrawlServiceImpl     : Writing review datas to file...
2022-01-17 09:38:36.848  INFO 14866 --- [main] u.e.c.s.impl.ContentCrawlServiceImpl     : Writing review datas to file...
2022-01-17 09:38:36.849  INFO 14866 --- [main] u.e.c.s.impl.ContentCrawlServiceImpl     : Writing review datas to file...
2022-01-17 09:38:36.850  INFO 14866 --- [main] u.e.c.s.impl.ContentCrawlServiceImpl     : Writing review datas to file...
2022-01-17 09:38:36.851  INFO 14866 --- [main] u.e.c.s.impl.ContentCrawlServiceImpl     : Writing review datas to file...
2022-01-17 09:38:36.851  INFO 14866 --- [main] u.e.c.s.impl.ContentCrawlServiceImpl     : Writing review datas to file...
2022-01-17 09:38:36.852  INFO 14866 --- [main] u.e.c.s.impl.ContentCrawlServiceImpl     : Writing review datas to file...
2022-01-17 09:38:36.852  INFO 14866 --- [main] u.e.c.s.impl.ContentCrawlServiceImpl     : Writing review datas to file...
2022-01-17 09:38:36.853  INFO 14866 --- [main] u.e.c.s.impl.ContentCrawlServiceImpl     : Writing review datas to file...
2022-01-17 09:38:36.854  INFO 14866 --- [main] u.e.c.s.impl.ContentCrawlServiceImpl     : Writing review datas to file...
2022-01-17 09:38:36.854  INFO 14866 --- [main] u.e.c.s.impl.ContentCrawlServiceImpl     : Writing review datas to file...
2022-01-17 09:38:36.855  INFO 14866 --- [main] u.e.c.s.impl.ContentCrawlServiceImpl     : Writing review datas to file...
2022-01-17 09:38:36.856  INFO 14866 --- [main] u.e.c.s.impl.ContentCrawlServiceImpl     : Writing review datas to file...
2022-01-17 09:38:36.856  INFO 14866 --- [main] u.e.c.s.impl.ContentCrawlServiceImpl     : Writing review datas to file...
2022-01-17 09:38:36.857  INFO 14866 --- [main] u.e.c.s.impl.ContentCrawlServiceImpl     : Writing review datas to file...
2022-01-17 09:38:36.858  INFO 14866 --- [main] u.e.c.s.impl.ContentCrawlServiceImpl     : Writing review datas to file...
2022-01-17 09:38:36.859  INFO 14866 --- [main] u.e.c.s.impl.ContentCrawlServiceImpl     : Writing review datas to file...
2022-01-17 09:38:36.859  INFO 14866 --- [main] u.e.c.s.impl.ContentCrawlServiceImpl     : Writing review datas to file...
2022-01-17 09:38:36.860  INFO 14866 --- [main] u.e.c.s.impl.ContentCrawlServiceImpl     : Writing review datas to file...
2022-01-17 09:38:36.860  INFO 14866 --- [main] u.e.c.s.impl.ContentCrawlServiceImpl     : Writing review datas to file...
2022-01-17 09:38:36.861  INFO 14866 --- [main] u.e.c.s.impl.ContentCrawlServiceImpl     : Writing review datas to file...
2022-01-17 09:38:36.861  INFO 14866 --- [main] u.e.c.s.impl.ContentCrawlServiceImpl     : Writing review datas to file...
2022-01-17 09:38:36.862  INFO 14866 --- [main] u.e.c.s.impl.ContentCrawlServiceImpl     : Writing review datas to file...
2022-01-17 09:38:36.862  INFO 14866 --- [main] u.e.c.s.impl.ContentCrawlServiceImpl     : Writing review datas to file...
2022-01-17 09:38:36.863  INFO 14866 --- [main] u.e.c.s.impl.ContentCrawlServiceImpl     : Writing review datas to file...
2022-01-17 09:38:36.863  INFO 14866 --- [main] u.e.c.s.impl.ContentCrawlServiceImpl     : Crawl pages...
2022-01-17 09:38:36.863  INFO 14866 --- [main] u.e.c.s.http.ContentCrawlHttpClient      : Send request to remote server...
2022-01-17 09:38:36.863  INFO 14866 --- [main] u.e.c.s.http.ContentCrawlHttpClient      : Set request headers...
2022-01-17 09:38:36.863  INFO 14866 --- [main] u.e.c.s.http.ContentCrawlHttpClient      : Set request params...
2022-01-17 09:38:36.863  INFO 14866 --- [main] u.e.c.s.http.ContentCrawlHttpClient      : Set params...
2022-01-17 09:38:41.022  WARN 14866 --- [main] o.a.h.c.protocol.ResponseProcessCookies  : Invalid cookie header: "Set-Cookie: SCOL_SESSION_TIMEOUT=1740 Mon, 17 Jan 2022 05:07:37 GMT; Path=/; Expires=Mon, 17 Jan 2022 05:07:37 GMT;". Invalid 'expires' attribute: Mon, 17 Jan 2022 05:07:37 GMT
2022-01-17 09:38:41.023  INFO 14866 --- [main] u.e.c.s.impl.ContentCrawlServiceImpl     : Read chunked response data...
2022-01-17 09:38:41.114  INFO 14866 --- [main] u.e.c.s.impl.ContentCrawlServiceImpl     : Parsing html document...
2022-01-17 09:38:41.126  INFO 14866 --- [main] u.e.c.s.impl.ContentCrawlServiceImpl     : Writing review datas to file...
2022-01-17 09:38:41.126  INFO 14866 --- [main] u.e.c.s.impl.ContentCrawlServiceImpl     : Writing review datas to file...
2022-01-17 09:38:41.127  INFO 14866 --- [main] u.e.c.s.impl.ContentCrawlServiceImpl     : Writing review datas to file...
2022-01-17 09:38:41.127  INFO 14866 --- [main] u.e.c.s.impl.ContentCrawlServiceImpl     : Writing review datas to file...
2022-01-17 09:38:41.128  INFO 14866 --- [main] u.e.c.s.impl.ContentCrawlServiceImpl     : Writing review datas to file...
2022-01-17 09:38:41.128  INFO 14866 --- [main] u.e.c.s.impl.ContentCrawlServiceImpl     : Writing review datas to file...
2022-01-17 09:38:41.129  INFO 14866 --- [main] u.e.c.s.impl.ContentCrawlServiceImpl     : Writing review datas to file...
2022-01-17 09:38:41.129  INFO 14866 --- [main] u.e.c.s.impl.ContentCrawlServiceImpl     : Writing review datas to file...
2022-01-17 09:38:41.130  INFO 14866 --- [main] u.e.c.s.impl.ContentCrawlServiceImpl     : Writing review datas to file...
2022-01-17 09:38:41.130  INFO 14866 --- [main] u.e.c.s.impl.ContentCrawlServiceImpl     : Writing review datas to file...
2022-01-17 09:38:41.131  INFO 14866 --- [main] u.e.c.s.impl.ContentCrawlServiceImpl     : Writing review datas to file...
2022-01-17 09:38:41.131  INFO 14866 --- [main] u.e.c.s.impl.ContentCrawlServiceImpl     : Writing review datas to file...
2022-01-17 09:38:41.132  INFO 14866 --- [main] u.e.c.s.impl.ContentCrawlServiceImpl     : Writing review datas to file...
2022-01-17 09:38:41.132  INFO 14866 --- [main] u.e.c.s.impl.ContentCrawlServiceImpl     : Writing review datas to file...
2022-01-17 09:38:41.132  INFO 14866 --- [main] u.e.c.s.impl.ContentCrawlServiceImpl     : Writing review datas to file...
2022-01-17 09:38:41.133  INFO 14866 --- [main] u.e.c.s.impl.ContentCrawlServiceImpl     : Writing review datas to file...
2022-01-17 09:38:41.133  INFO 14866 --- [main] u.e.c.s.impl.ContentCrawlServiceImpl     : Writing review datas to file...
2022-01-17 09:38:41.134  INFO 14866 --- [main] u.e.c.s.impl.ContentCrawlServiceImpl     : Writing review datas to file...
2022-01-17 09:38:41.134  INFO 14866 --- [main] u.e.c.s.impl.ContentCrawlServiceImpl     : Writing review datas to file...
2022-01-17 09:38:41.134  INFO 14866 --- [main] u.e.c.s.impl.ContentCrawlServiceImpl     : Writing review datas to file...
2022-01-17 09:38:41.135  INFO 14866 --- [main] u.e.c.s.impl.ContentCrawlServiceImpl     : Writing review datas to file...
2022-01-17 09:38:41.135  INFO 14866 --- [main] u.e.c.s.impl.ContentCrawlServiceImpl     : Writing review datas to file...
2022-01-17 09:38:41.136  INFO 14866 --- [main] u.e.c.s.impl.ContentCrawlServiceImpl     : Writing review datas to file...
2022-01-17 09:38:41.136  INFO 14866 --- [main] u.e.c.s.impl.ContentCrawlServiceImpl     : Writing review datas to file...
2022-01-17 09:38:41.136  INFO 14866 --- [main] u.e.c.s.impl.ContentCrawlServiceImpl     : Writing review datas to file...
2022-01-17 09:38:41.137  INFO 14866 --- [main] u.e.c.s.http.ContentCrawlHttpClient      : Send request to remote server...
2022-01-17 09:38:41.137  INFO 14866 --- [main] u.e.c.s.http.ContentCrawlHttpClient      : Set request headers...
2022-01-17 09:38:41.137  INFO 14866 --- [main] u.e.c.s.http.ContentCrawlHttpClient      : Set request params...
2022-01-17 09:38:41.137  INFO 14866 --- [main] u.e.c.s.http.ContentCrawlHttpClient      : Set params...
2022-01-17 09:38:43.584  WARN 14866 --- [main] o.a.h.c.protocol.ResponseProcessCookies  : Invalid cookie header: "Set-Cookie: SCOL_SESSION_TIMEOUT=1740 Mon, 17 Jan 2022 05:07:42 GMT; Path=/; Expires=Mon, 17 Jan 2022 05:07:42 GMT;". Invalid 'expires' attribute: Mon, 17 Jan 2022 05:07:42 GMT
2022-01-17 09:38:43.585  INFO 14866 --- [main] u.e.c.s.impl.ContentCrawlServiceImpl     : Read chunked response data...
2022-01-17 09:38:43.787  INFO 14866 --- [main] u.e.c.s.impl.ContentCrawlServiceImpl     : Parsing html document...
2022-01-17 09:38:43.798  INFO 14866 --- [main] u.e.c.s.impl.ContentCrawlServiceImpl     : Writing review datas to file...
2022-01-17 09:38:43.799  INFO 14866 --- [main] u.e.c.s.impl.ContentCrawlServiceImpl     : Writing review datas to file...
2022-01-17 09:38:43.799  INFO 14866 --- [main] u.e.c.s.impl.ContentCrawlServiceImpl     : Writing review datas to file...
2022-01-17 09:38:43.800  INFO 14866 --- [main] u.e.c.s.impl.ContentCrawlServiceImpl     : Writing review datas to file...
2022-01-17 09:38:43.800  INFO 14866 --- [main] u.e.c.s.impl.ContentCrawlServiceImpl     : Writing review datas to file...
2022-01-17 09:38:43.800  INFO 14866 --- [main] u.e.c.s.impl.ContentCrawlServiceImpl     : Writing review datas to file...
2022-01-17 09:38:43.801  INFO 14866 --- [main] u.e.c.s.impl.ContentCrawlServiceImpl     : Writing review datas to file...
2022-01-17 09:38:43.801  INFO 14866 --- [main] u.e.c.s.impl.ContentCrawlServiceImpl     : Writing review datas to file...
2022-01-17 09:38:43.802  INFO 14866 --- [main] u.e.c.s.impl.ContentCrawlServiceImpl     : Writing review datas to file...
2022-01-17 09:38:43.802  INFO 14866 --- [main] u.e.c.s.impl.ContentCrawlServiceImpl     : Writing review datas to file...
2022-01-17 09:38:43.802  INFO 14866 --- [main] u.e.c.s.impl.ContentCrawlServiceImpl     : Writing review datas to file...
2022-01-17 09:38:43.803  INFO 14866 --- [main] u.e.c.s.impl.ContentCrawlServiceImpl     : Writing review datas to file...
2022-01-17 09:39:47.318  INFO 14866 --- [main] u.e.c.s.impl.ContentCrawlServiceImpl     : Crawl page...
2022-01-17 09:39:47.318  INFO 14866 --- [main] u.e.c.s.http.ContentCrawlHttpClient      : Send request to remote server...
2022-01-17 09:39:47.318  INFO 14866 --- [main] u.e.c.s.http.ContentCrawlHttpClient      : Set request headers...
2022-01-17 09:39:47.318  INFO 14866 --- [main] u.e.c.s.http.ContentCrawlHttpClient      : Set request params...
2022-01-17 09:39:47.318  INFO 14866 --- [main] u.e.c.s.http.ContentCrawlHttpClient      : Set params...
2022-01-17 09:39:54.136  WARN 14866 --- [main] o.a.h.c.protocol.ResponseProcessCookies  : Invalid cookie header: "Set-Cookie: SCOL_SESSION_TIMEOUT=1740 Mon, 17 Jan 2022 05:08:48 GMT; Path=/; Expires=Mon, 17 Jan 2022 05:08:48 GMT;". Invalid 'expires' attribute: Mon, 17 Jan 2022 05:08:48 GMT
2022-01-17 09:39:54.137  INFO 14866 --- [main] u.e.c.s.impl.ContentCrawlServiceImpl     : Read chunked response data...
2022-01-17 09:39:54.278  INFO 14866 --- [main] u.e.c.s.impl.ContentCrawlServiceImpl     : Parsing html document...
2022-01-17 09:39:54.291  INFO 14866 --- [main] u.e.c.s.impl.ContentCrawlServiceImpl     : Writing review datas to file...
2022-01-17 09:39:54.292  INFO 14866 --- [main] u.e.c.s.impl.ContentCrawlServiceImpl     : Writing review datas to file...
2022-01-17 09:39:54.292  INFO 14866 --- [main] u.e.c.s.impl.ContentCrawlServiceImpl     : Writing review datas to file...
2022-01-17 09:39:54.293  INFO 14866 --- [main] u.e.c.s.impl.ContentCrawlServiceImpl     : Writing review datas to file...
2022-01-17 09:39:54.293  INFO 14866 --- [main] u.e.c.s.impl.ContentCrawlServiceImpl     : Writing review datas to file...
2022-01-17 09:39:54.294  INFO 14866 --- [main] u.e.c.s.impl.ContentCrawlServiceImpl     : Writing review datas to file...
2022-01-17 09:39:54.294  INFO 14866 --- [main] u.e.c.s.impl.ContentCrawlServiceImpl     : Writing review datas to file...
2022-01-17 09:39:54.294  INFO 14866 --- [main] u.e.c.s.impl.ContentCrawlServiceImpl     : Writing review datas to file...
2022-01-17 09:39:54.295  INFO 14866 --- [main] u.e.c.s.impl.ContentCrawlServiceImpl     : Writing review datas to file...
2022-01-17 09:39:54.295  INFO 14866 --- [main] u.e.c.s.impl.ContentCrawlServiceImpl     : Writing review datas to file...
2022-01-17 09:39:54.296  INFO 14866 --- [main] u.e.c.s.impl.ContentCrawlServiceImpl     : Writing review datas to file...
2022-01-17 09:39:54.296  INFO 14866 --- [main] u.e.c.s.impl.ContentCrawlServiceImpl     : Writing review datas to file...
2022-01-17 09:39:54.296  INFO 14866 --- [main] u.e.c.s.impl.ContentCrawlServiceImpl     : Writing review datas to file...
2022-01-17 09:39:54.297  INFO 14866 --- [main] u.e.c.s.impl.ContentCrawlServiceImpl     : Writing review datas to file...
2022-01-17 09:39:54.297  INFO 14866 --- [main] u.e.c.s.impl.ContentCrawlServiceImpl     : Writing review datas to file...
2022-01-17 09:39:54.297  INFO 14866 --- [main] u.e.c.s.impl.ContentCrawlServiceImpl     : Writing review datas to file...
2022-01-17 09:39:54.298  INFO 14866 --- [main] u.e.c.s.impl.ContentCrawlServiceImpl     : Writing review datas to file...
2022-01-17 09:39:54.298  INFO 14866 --- [main] u.e.c.s.impl.ContentCrawlServiceImpl     : Writing review datas to file...
2022-01-17 09:39:54.299  INFO 14866 --- [main] u.e.c.s.impl.ContentCrawlServiceImpl     : Writing review datas to file...
2022-01-17 09:39:54.299  INFO 14866 --- [main] u.e.c.s.impl.ContentCrawlServiceImpl     : Writing review datas to file...
2022-01-17 09:39:54.299  INFO 14866 --- [main] u.e.c.s.impl.ContentCrawlServiceImpl     : Writing review datas to file...
2022-01-17 09:39:54.300  INFO 14866 --- [main] u.e.c.s.impl.ContentCrawlServiceImpl     : Writing review datas to file...
2022-01-17 09:39:54.300  INFO 14866 --- [main] u.e.c.s.impl.ContentCrawlServiceImpl     : Writing review datas to file...
2022-01-17 09:39:54.300  INFO 14866 --- [main] u.e.c.s.impl.ContentCrawlServiceImpl     : Writing review datas to file...
2022-01-17 09:39:54.301  INFO 14866 --- [main] u.e.c.s.impl.ContentCrawlServiceImpl     : Writing review datas to file...
2022-01-17 09:39:54.301  INFO 14866 --- [main] u.e.c.s.impl.ContentCrawlServiceImpl     : Crawl pages...
2022-01-17 09:39:54.301  INFO 14866 --- [main] u.e.c.s.http.ContentCrawlHttpClient      : Send request to remote server...
2022-01-17 09:39:54.301  INFO 14866 --- [main] u.e.c.s.http.ContentCrawlHttpClient      : Set request headers...
2022-01-17 09:39:54.301  INFO 14866 --- [main] u.e.c.s.http.ContentCrawlHttpClient      : Set request params...
2022-01-17 09:39:54.301  INFO 14866 --- [main] u.e.c.s.http.ContentCrawlHttpClient      : Set params...
2022-01-17 09:40:00.354  WARN 14866 --- [main] o.a.h.c.protocol.ResponseProcessCookies  : Invalid cookie header: "Set-Cookie: SCOL_SESSION_TIMEOUT=1740 Mon, 17 Jan 2022 05:08:55 GMT; Path=/; Expires=Mon, 17 Jan 2022 05:08:55 GMT;". Invalid 'expires' attribute: Mon, 17 Jan 2022 05:08:55 GMT
2022-01-17 09:40:00.355  INFO 14866 --- [main] u.e.c.s.impl.ContentCrawlServiceImpl     : Read chunked response data...
2022-01-17 09:40:01.498  INFO 14866 --- [main] u.e.c.s.impl.ContentCrawlServiceImpl     : Parsing html document...
2022-01-17 09:40:01.512  INFO 14866 --- [main] u.e.c.s.impl.ContentCrawlServiceImpl     : Writing review datas to file...
2022-01-17 09:40:01.513  INFO 14866 --- [main] u.e.c.s.impl.ContentCrawlServiceImpl     : Writing review datas to file...
2022-01-17 09:40:01.513  INFO 14866 --- [main] u.e.c.s.impl.ContentCrawlServiceImpl     : Writing review datas to file...
2022-01-17 09:40:01.513  INFO 14866 --- [main] u.e.c.s.impl.ContentCrawlServiceImpl     : Writing review datas to file...
2022-01-17 09:40:01.514  INFO 14866 --- [main] u.e.c.s.impl.ContentCrawlServiceImpl     : Writing review datas to file...
2022-01-17 09:40:01.514  INFO 14866 --- [main] u.e.c.s.impl.ContentCrawlServiceImpl     : Writing review datas to file...
2022-01-17 09:40:01.514  INFO 14866 --- [main] u.e.c.s.impl.ContentCrawlServiceImpl     : Writing review datas to file...
2022-01-17 09:40:01.515  INFO 14866 --- [main] u.e.c.s.impl.ContentCrawlServiceImpl     : Writing review datas to file...
2022-01-17 09:40:01.515  INFO 14866 --- [main] u.e.c.s.impl.ContentCrawlServiceImpl     : Writing review datas to file...
2022-01-17 09:40:01.515  INFO 14866 --- [main] u.e.c.s.impl.ContentCrawlServiceImpl     : Writing review datas to file...
2022-01-17 09:40:01.516  INFO 14866 --- [main] u.e.c.s.impl.ContentCrawlServiceImpl     : Writing review datas to file...
2022-01-17 09:40:01.516  INFO 14866 --- [main] u.e.c.s.impl.ContentCrawlServiceImpl     : Writing review datas to file...
2022-01-17 09:40:01.516  INFO 14866 --- [main] u.e.c.s.impl.ContentCrawlServiceImpl     : Writing review datas to file...
2022-01-17 09:40:01.517  INFO 14866 --- [main] u.e.c.s.impl.ContentCrawlServiceImpl     : Writing review datas to file...
2022-01-17 09:40:01.517  INFO 14866 --- [main] u.e.c.s.impl.ContentCrawlServiceImpl     : Writing review datas to file...
2022-01-17 09:40:01.517  INFO 14866 --- [main] u.e.c.s.impl.ContentCrawlServiceImpl     : Writing review datas to file...
2022-01-17 09:40:01.518  INFO 14866 --- [main] u.e.c.s.impl.ContentCrawlServiceImpl     : Writing review datas to file...
2022-01-17 09:40:01.518  INFO 14866 --- [main] u.e.c.s.impl.ContentCrawlServiceImpl     : Writing review datas to file...
2022-01-17 09:40:01.518  INFO 14866 --- [main] u.e.c.s.impl.ContentCrawlServiceImpl     : Writing review datas to file...
2022-01-17 09:40:01.519  INFO 14866 --- [main] u.e.c.s.impl.ContentCrawlServiceImpl     : Writing review datas to file...
2022-01-17 09:40:01.519  INFO 14866 --- [main] u.e.c.s.impl.ContentCrawlServiceImpl     : Writing review datas to file...
2022-01-17 09:40:01.519  INFO 14866 --- [main] u.e.c.s.impl.ContentCrawlServiceImpl     : Writing review datas to file...
2022-01-17 09:40:01.520  INFO 14866 --- [main] u.e.c.s.impl.ContentCrawlServiceImpl     : Writing review datas to file...
2022-01-17 09:40:01.520  INFO 14866 --- [main] u.e.c.s.impl.ContentCrawlServiceImpl     : Writing review datas to file...
2022-01-17 09:40:01.520  INFO 14866 --- [main] u.e.c.s.impl.ContentCrawlServiceImpl     : Writing review datas to file...
2022-01-17 09:40:01.520  INFO 14866 --- [main] u.e.c.s.http.ContentCrawlHttpClient      : Send request to remote server...
2022-01-17 09:40:01.520  INFO 14866 --- [main] u.e.c.s.http.ContentCrawlHttpClient      : Set request headers...
2022-01-17 09:40:01.520  INFO 14866 --- [main] u.e.c.s.http.ContentCrawlHttpClient      : Set request params...
2022-01-17 09:40:01.520  INFO 14866 --- [main] u.e.c.s.http.ContentCrawlHttpClient      : Set params...
2022-01-17 09:40:08.272  WARN 14866 --- [main] o.a.h.c.protocol.ResponseProcessCookies  : Invalid cookie header: "Set-Cookie: SCOL_SESSION_TIMEOUT=1740 Mon, 17 Jan 2022 05:09:02 GMT; Path=/; Expires=Mon, 17 Jan 2022 05:09:02 GMT;". Invalid 'expires' attribute: Mon, 17 Jan 2022 05:09:02 GMT
2022-01-17 09:40:08.273  INFO 14866 --- [main] u.e.c.s.impl.ContentCrawlServiceImpl     : Read chunked response data...
2022-01-17 09:40:08.756  INFO 14866 --- [main] u.e.c.s.impl.ContentCrawlServiceImpl     : Parsing html document...
2022-01-17 09:40:08.769  INFO 14866 --- [main] u.e.c.s.impl.ContentCrawlServiceImpl     : Writing review datas to file...
2022-01-17 09:40:08.770  INFO 14866 --- [main] u.e.c.s.impl.ContentCrawlServiceImpl     : Writing review datas to file...
2022-01-17 09:40:08.770  INFO 14866 --- [main] u.e.c.s.impl.ContentCrawlServiceImpl     : Writing review datas to file...
2022-01-17 09:40:08.770  INFO 14866 --- [main] u.e.c.s.impl.ContentCrawlServiceImpl     : Writing review datas to file...
2022-01-17 09:40:08.770  INFO 14866 --- [main] u.e.c.s.impl.ContentCrawlServiceImpl     : Writing review datas to file...
2022-01-17 09:40:08.771  INFO 14866 --- [main] u.e.c.s.impl.ContentCrawlServiceImpl     : Writing review datas to file...
2022-01-17 09:40:08.771  INFO 14866 --- [main] u.e.c.s.impl.ContentCrawlServiceImpl     : Writing review datas to file...
2022-01-17 09:40:08.771  INFO 14866 --- [main] u.e.c.s.impl.ContentCrawlServiceImpl     : Writing review datas to file...
2022-01-17 09:40:08.772  INFO 14866 --- [main] u.e.c.s.impl.ContentCrawlServiceImpl     : Writing review datas to file...
2022-01-17 09:40:08.772  INFO 14866 --- [main] u.e.c.s.impl.ContentCrawlServiceImpl     : Writing review datas to file...
2022-01-17 09:40:08.772  INFO 14866 --- [main] u.e.c.s.impl.ContentCrawlServiceImpl     : Writing review datas to file...
2022-01-17 09:40:08.772  INFO 14866 --- [main] u.e.c.s.impl.ContentCrawlServiceImpl     : Writing review datas to file...
2022-01-17 09:40:08.773  INFO 14866 --- [main] u.e.c.s.impl.ContentCrawlServiceImpl     : Writing review datas to file...
2022-01-17 09:40:08.773  INFO 14866 --- [main] u.e.c.s.impl.ContentCrawlServiceImpl     : Writing review datas to file...
2022-01-17 09:40:08.773  INFO 14866 --- [main] u.e.c.s.impl.ContentCrawlServiceImpl     : Writing review datas to file...
2022-01-17 09:40:08.774  INFO 14866 --- [main] u.e.c.s.impl.ContentCrawlServiceImpl     : Writing review datas to file...
2022-01-17 09:40:08.774  INFO 14866 --- [main] u.e.c.s.impl.ContentCrawlServiceImpl     : Writing review datas to file...
2022-01-17 09:40:08.774  INFO 14866 --- [main] u.e.c.s.impl.ContentCrawlServiceImpl     : Writing review datas to file...
2022-01-17 09:40:08.774  INFO 14866 --- [main] u.e.c.s.impl.ContentCrawlServiceImpl     : Writing review datas to file...
2022-01-17 09:40:08.775  INFO 14866 --- [main] u.e.c.s.impl.ContentCrawlServiceImpl     : Writing review datas to file...
2022-01-17 09:40:08.775  INFO 14866 --- [main] u.e.c.s.impl.ContentCrawlServiceImpl     : Writing review datas to file...
2022-01-17 09:40:08.775  INFO 14866 --- [main] u.e.c.s.impl.ContentCrawlServiceImpl     : Writing review datas to file...
2022-01-17 09:40:08.776  INFO 14866 --- [main] u.e.c.s.impl.ContentCrawlServiceImpl     : Writing review datas to file...
2022-01-17 09:40:08.776  INFO 14866 --- [main] u.e.c.s.impl.ContentCrawlServiceImpl     : Writing review datas to file...
2022-01-17 09:40:08.776  INFO 14866 --- [main] u.e.c.s.impl.ContentCrawlServiceImpl     : Writing review datas to file...
2022-01-17 09:40:08.776  INFO 14866 --- [main] u.e.c.s.http.ContentCrawlHttpClient      : Send request to remote server...
2022-01-17 09:40:08.776  INFO 14866 --- [main] u.e.c.s.http.ContentCrawlHttpClient      : Set request headers...
2022-01-17 09:40:08.776  INFO 14866 --- [main] u.e.c.s.http.ContentCrawlHttpClient      : Set request params...
2022-01-17 09:40:08.776  INFO 14866 --- [main] u.e.c.s.http.ContentCrawlHttpClient      : Set params...
2022-01-17 09:40:15.126  WARN 14866 --- [main] o.a.h.c.protocol.ResponseProcessCookies  : Invalid cookie header: "Set-Cookie: SCOL_SESSION_TIMEOUT=1740 Mon, 17 Jan 2022 05:09:09 GMT; Path=/; Expires=Mon, 17 Jan 2022 05:09:09 GMT;". Invalid 'expires' attribute: Mon, 17 Jan 2022 05:09:09 GMT
2022-01-17 09:40:15.127  INFO 14866 --- [main] u.e.c.s.impl.ContentCrawlServiceImpl     : Read chunked response data...
2022-01-17 09:40:16.647  INFO 14866 --- [main] u.e.c.s.impl.ContentCrawlServiceImpl     : Parsing html document...
2022-01-17 09:40:16.661  INFO 14866 --- [main] u.e.c.s.impl.ContentCrawlServiceImpl     : Writing review datas to file...
2022-01-17 09:40:16.662  INFO 14866 --- [main] u.e.c.s.impl.ContentCrawlServiceImpl     : Writing review datas to file...
2022-01-17 09:40:16.662  INFO 14866 --- [main] u.e.c.s.impl.ContentCrawlServiceImpl     : Writing review datas to file...
2022-01-17 09:40:16.663  INFO 14866 --- [main] u.e.c.s.impl.ContentCrawlServiceImpl     : Writing review datas to file...
2022-01-17 09:40:16.663  INFO 14866 --- [main] u.e.c.s.impl.ContentCrawlServiceImpl     : Writing review datas to file...
2022-01-17 09:40:16.663  INFO 14866 --- [main] u.e.c.s.impl.ContentCrawlServiceImpl     : Writing review datas to file...
2022-01-17 09:40:16.664  INFO 14866 --- [main] u.e.c.s.impl.ContentCrawlServiceImpl     : Writing review datas to file...
2022-01-17 09:40:16.664  INFO 14866 --- [main] u.e.c.s.impl.ContentCrawlServiceImpl     : Writing review datas to file...
2022-01-17 09:40:16.664  INFO 14866 --- [main] u.e.c.s.impl.ContentCrawlServiceImpl     : Writing review datas to file...
2022-01-17 09:40:16.665  INFO 14866 --- [main] u.e.c.s.impl.ContentCrawlServiceImpl     : Writing review datas to file...
2022-01-17 09:40:16.665  INFO 14866 --- [main] u.e.c.s.impl.ContentCrawlServiceImpl     : Writing review datas to file...
2022-01-17 09:40:16.665  INFO 14866 --- [main] u.e.c.s.impl.ContentCrawlServiceImpl     : Writing review datas to file...
2022-01-17 09:40:16.665  INFO 14866 --- [main] u.e.c.s.impl.ContentCrawlServiceImpl     : Writing review datas to file...
2022-01-17 09:40:16.666  INFO 14866 --- [main] u.e.c.s.impl.ContentCrawlServiceImpl     : Writing review datas to file...
2022-01-17 09:40:16.666  INFO 14866 --- [main] u.e.c.s.impl.ContentCrawlServiceImpl     : Writing review datas to file...
2022-01-17 09:40:16.666  INFO 14866 --- [main] u.e.c.s.impl.ContentCrawlServiceImpl     : Writing review datas to file...
2022-01-17 09:40:16.667  INFO 14866 --- [main] u.e.c.s.impl.ContentCrawlServiceImpl     : Writing review datas to file...
2022-01-17 09:40:16.667  INFO 14866 --- [main] u.e.c.s.impl.ContentCrawlServiceImpl     : Writing review datas to file...
2022-01-17 09:40:16.667  INFO 14866 --- [main] u.e.c.s.impl.ContentCrawlServiceImpl     : Writing review datas to file...
2022-01-17 09:40:16.667  INFO 14866 --- [main] u.e.c.s.impl.ContentCrawlServiceImpl     : Writing review datas to file...
2022-01-17 09:40:16.668  INFO 14866 --- [main] u.e.c.s.impl.ContentCrawlServiceImpl     : Writing review datas to file...
2022-01-17 09:40:16.668  INFO 14866 --- [main] u.e.c.s.impl.ContentCrawlServiceImpl     : Writing review datas to file...
2022-01-17 09:40:16.668  INFO 14866 --- [main] u.e.c.s.impl.ContentCrawlServiceImpl     : Writing review datas to file...
2022-01-17 09:40:16.669  INFO 14866 --- [main] u.e.c.s.impl.ContentCrawlServiceImpl     : Writing review datas to file...
2022-01-17 09:40:16.669  INFO 14866 --- [main] u.e.c.s.impl.ContentCrawlServiceImpl     : Writing review datas to file...
2022-01-17 09:40:16.669  INFO 14866 --- [main] u.e.c.s.http.ContentCrawlHttpClient      : Send request to remote server...
2022-01-17 09:40:16.669  INFO 14866 --- [main] u.e.c.s.http.ContentCrawlHttpClient      : Set request headers...
2022-01-17 09:40:16.669  INFO 14866 --- [main] u.e.c.s.http.ContentCrawlHttpClient      : Set request params...
2022-01-17 09:40:16.669  INFO 14866 --- [main] u.e.c.s.http.ContentCrawlHttpClient      : Set params...
2022-01-17 09:40:23.118  WARN 14866 --- [main] o.a.h.c.protocol.ResponseProcessCookies  : Invalid cookie header: "Set-Cookie: SCOL_SESSION_TIMEOUT=1740 Mon, 17 Jan 2022 05:09:17 GMT; Path=/; Expires=Mon, 17 Jan 2022 05:09:17 GMT;". Invalid 'expires' attribute: Mon, 17 Jan 2022 05:09:17 GMT
2022-01-17 09:40:23.118  INFO 14866 --- [main] u.e.c.s.impl.ContentCrawlServiceImpl     : Read chunked response data...
2022-01-17 09:40:23.567  INFO 14866 --- [main] u.e.c.s.impl.ContentCrawlServiceImpl     : Parsing html document...
2022-01-17 09:40:23.579  INFO 14866 --- [main] u.e.c.s.impl.ContentCrawlServiceImpl     : Writing review datas to file...
2022-01-17 09:40:23.579  INFO 14866 --- [main] u.e.c.s.impl.ContentCrawlServiceImpl     : Writing review datas to file...
2022-01-17 09:40:23.580  INFO 14866 --- [main] u.e.c.s.impl.ContentCrawlServiceImpl     : Writing review datas to file...
2022-01-17 09:40:23.580  INFO 14866 --- [main] u.e.c.s.impl.ContentCrawlServiceImpl     : Writing review datas to file...
2022-01-17 09:40:23.580  INFO 14866 --- [main] u.e.c.s.impl.ContentCrawlServiceImpl     : Writing review datas to file...
2022-01-17 09:40:23.580  INFO 14866 --- [main] u.e.c.s.impl.ContentCrawlServiceImpl     : Writing review datas to file...
2022-01-17 09:40:23.581  INFO 14866 --- [main] u.e.c.s.impl.ContentCrawlServiceImpl     : Writing review datas to file...
2022-01-17 09:40:23.581  INFO 14866 --- [main] u.e.c.s.impl.ContentCrawlServiceImpl     : Writing review datas to file...
2022-01-17 09:40:23.581  INFO 14866 --- [main] u.e.c.s.impl.ContentCrawlServiceImpl     : Writing review datas to file...
2022-01-17 09:40:23.581  INFO 14866 --- [main] u.e.c.s.impl.ContentCrawlServiceImpl     : Writing review datas to file...
2022-01-17 09:40:23.582  INFO 14866 --- [main] u.e.c.s.impl.ContentCrawlServiceImpl     : Writing review datas to file...
2022-01-17 09:40:23.582  INFO 14866 --- [main] u.e.c.s.impl.ContentCrawlServiceImpl     : Writing review datas to file...
2022-01-17 09:40:23.582  INFO 14866 --- [main] u.e.c.s.impl.ContentCrawlServiceImpl     : Writing review datas to file...
2022-01-17 09:40:23.582  INFO 14866 --- [main] u.e.c.s.impl.ContentCrawlServiceImpl     : Writing review datas to file...
2022-01-17 09:40:23.583  INFO 14866 --- [main] u.e.c.s.impl.ContentCrawlServiceImpl     : Writing review datas to file...
2022-01-17 09:40:23.583  INFO 14866 --- [main] u.e.c.s.impl.ContentCrawlServiceImpl     : Writing review datas to file...
2022-01-17 09:40:23.583  INFO 14866 --- [main] u.e.c.s.impl.ContentCrawlServiceImpl     : Writing review datas to file...
2022-01-17 09:40:23.584  INFO 14866 --- [main] u.e.c.s.impl.ContentCrawlServiceImpl     : Writing review datas to file...
2022-01-17 09:40:23.584  INFO 14866 --- [main] u.e.c.s.impl.ContentCrawlServiceImpl     : Writing review datas to file...
2022-01-17 09:40:23.584  INFO 14866 --- [main] u.e.c.s.impl.ContentCrawlServiceImpl     : Writing review datas to file...
2022-01-17 09:40:23.585  INFO 14866 --- [main] u.e.c.s.impl.ContentCrawlServiceImpl     : Writing review datas to file...
2022-01-17 09:40:23.585  INFO 14866 --- [main] u.e.c.s.impl.ContentCrawlServiceImpl     : Writing review datas to file...
2022-01-17 09:40:23.585  INFO 14866 --- [main] u.e.c.s.impl.ContentCrawlServiceImpl     : Writing review datas to file...
2022-01-17 09:40:23.586  INFO 14866 --- [main] u.e.c.s.impl.ContentCrawlServiceImpl     : Writing review datas to file...
2022-01-17 09:40:23.586  INFO 14866 --- [main] u.e.c.s.impl.ContentCrawlServiceImpl     : Writing review datas to file...
2022-01-17 09:40:23.586  INFO 14866 --- [main] u.e.c.s.http.ContentCrawlHttpClient      : Send request to remote server...
2022-01-17 09:40:23.586  INFO 14866 --- [main] u.e.c.s.http.ContentCrawlHttpClient      : Set request headers...
2022-01-17 09:40:23.586  INFO 14866 --- [main] u.e.c.s.http.ContentCrawlHttpClient      : Set request params...
2022-01-17 09:40:23.586  INFO 14866 --- [main] u.e.c.s.http.ContentCrawlHttpClient      : Set params...
2022-01-17 09:40:29.769  WARN 14866 --- [main] o.a.h.c.protocol.ResponseProcessCookies  : Invalid cookie header: "Set-Cookie: SCOL_SESSION_TIMEOUT=1740 Mon, 17 Jan 2022 05:09:24 GMT; Path=/; Expires=Mon, 17 Jan 2022 05:09:24 GMT;". Invalid 'expires' attribute: Mon, 17 Jan 2022 05:09:24 GMT
2022-01-17 09:40:29.770  INFO 14866 --- [main] u.e.c.s.impl.ContentCrawlServiceImpl     : Read chunked response data...
2022-01-17 09:40:30.246  INFO 14866 --- [main] u.e.c.s.impl.ContentCrawlServiceImpl     : Parsing html document...
2022-01-17 09:40:30.256  INFO 14866 --- [main] u.e.c.s.impl.ContentCrawlServiceImpl     : Writing review datas to file...
2022-01-17 09:40:30.257  INFO 14866 --- [main] u.e.c.s.impl.ContentCrawlServiceImpl     : Writing review datas to file...
2022-01-17 09:40:30.257  INFO 14866 --- [main] u.e.c.s.impl.ContentCrawlServiceImpl     : Writing review datas to file...
2022-01-17 09:40:30.257  INFO 14866 --- [main] u.e.c.s.impl.ContentCrawlServiceImpl     : Writing review datas to file...
2022-01-17 09:40:30.258  INFO 14866 --- [main] u.e.c.s.impl.ContentCrawlServiceImpl     : Writing review datas to file...
2022-01-17 09:40:30.258  INFO 14866 --- [main] u.e.c.s.impl.ContentCrawlServiceImpl     : Writing review datas to file...
2022-01-17 09:40:30.259  INFO 14866 --- [main] u.e.c.s.impl.ContentCrawlServiceImpl     : Writing review datas to file...
2022-01-17 09:40:30.259  INFO 14866 --- [main] u.e.c.s.impl.ContentCrawlServiceImpl     : Writing review datas to file...
2022-01-17 09:40:30.259  INFO 14866 --- [main] u.e.c.s.impl.ContentCrawlServiceImpl     : Writing review datas to file...
2022-01-17 09:40:30.260  INFO 14866 --- [main] u.e.c.s.impl.ContentCrawlServiceImpl     : Writing review datas to file...
2022-01-17 09:40:30.260  INFO 14866 --- [main] u.e.c.s.impl.ContentCrawlServiceImpl     : Writing review datas to file...
2022-01-17 09:40:30.260  INFO 14866 --- [main] u.e.c.s.impl.ContentCrawlServiceImpl     : Writing review datas to file...
2022-01-17 09:40:30.261  INFO 14866 --- [main] u.e.c.s.impl.ContentCrawlServiceImpl     : Writing review datas to file...
2022-01-17 09:40:30.261  INFO 14866 --- [main] u.e.c.s.impl.ContentCrawlServiceImpl     : Writing review datas to file...
2022-01-17 09:40:30.261  INFO 14866 --- [main] u.e.c.s.impl.ContentCrawlServiceImpl     : Writing review datas to file...
2022-01-17 09:40:30.261  INFO 14866 --- [main] u.e.c.s.impl.ContentCrawlServiceImpl     : Writing review datas to file...
2022-01-17 09:40:30.261  INFO 14866 --- [main] u.e.c.s.impl.ContentCrawlServiceImpl     : Writing review datas to file...
2022-01-17 09:40:30.262  INFO 14866 --- [main] u.e.c.s.impl.ContentCrawlServiceImpl     : Writing review datas to file...
2022-01-17 09:40:30.262  INFO 14866 --- [main] u.e.c.s.impl.ContentCrawlServiceImpl     : Writing review datas to file...
2022-01-17 09:40:30.262  INFO 14866 --- [main] u.e.c.s.impl.ContentCrawlServiceImpl     : Writing review datas to file...
2022-01-17 09:40:30.262  INFO 14866 --- [main] u.e.c.s.impl.ContentCrawlServiceImpl     : Writing review datas to file...
2022-01-17 09:40:30.263  INFO 14866 --- [main] u.e.c.s.impl.ContentCrawlServiceImpl     : Writing review datas to file...
2022-01-17 09:40:30.263  INFO 14866 --- [main] u.e.c.s.impl.ContentCrawlServiceImpl     : Writing review datas to file...
2022-01-17 09:40:30.263  INFO 14866 --- [main] u.e.c.s.impl.ContentCrawlServiceImpl     : Writing review datas to file...
2022-01-17 09:40:30.263  INFO 14866 --- [main] u.e.c.s.impl.ContentCrawlServiceImpl     : Writing review datas to file...
2022-01-17 09:40:30.263  INFO 14866 --- [main] u.e.c.s.http.ContentCrawlHttpClient      : Send request to remote server...
2022-01-17 09:40:30.263  INFO 14866 --- [main] u.e.c.s.http.ContentCrawlHttpClient      : Set request headers...
2022-01-17 09:40:30.263  INFO 14866 --- [main] u.e.c.s.http.ContentCrawlHttpClient      : Set request params...
2022-01-17 09:40:30.263  INFO 14866 --- [main] u.e.c.s.http.ContentCrawlHttpClient      : Set params...
2022-01-17 09:40:32.690  WARN 14866 --- [main] o.a.h.c.protocol.ResponseProcessCookies  : Invalid cookie header: "Set-Cookie: SCOL_SESSION_TIMEOUT=1740 Mon, 17 Jan 2022 05:09:31 GMT; Path=/; Expires=Mon, 17 Jan 2022 05:09:31 GMT;". Invalid 'expires' attribute: Mon, 17 Jan 2022 05:09:31 GMT
2022-01-17 09:40:32.690  INFO 14866 --- [main] u.e.c.s.impl.ContentCrawlServiceImpl     : Read chunked response data...
2022-01-17 09:40:36.470  INFO 14866 --- [main] u.e.c.s.impl.ContentCrawlServiceImpl     : Parsing html document...
2022-01-17 09:40:36.479  INFO 14866 --- [main] u.e.c.s.impl.ContentCrawlServiceImpl     : Writing review datas to file...
2022-01-17 09:40:36.480  INFO 14866 --- [main] u.e.c.s.impl.ContentCrawlServiceImpl     : Writing review datas to file...
2022-01-17 09:40:36.480  INFO 14866 --- [main] u.e.c.s.impl.ContentCrawlServiceImpl     : Writing review datas to file...
